<?xml version="1.0" encoding="UTF-8"?>
<!-- Generated by org.testng.reporters.JUnitReportReporter -->
<testsuite hostname="DESKTOP-DRRO17G" name="framework_testng.Testng_with_ExtentReports" tests="3" failures="0" timestamp="29 Jun 2019 06:10:30 GMT" time="0.034" errors="0">
  <testcase name="tc002" time="0.005" classname="framework_testng.Testng_with_ExtentReports"/>
  <testcase name="tc001" time="0.025" classname="framework_testng.Testng_with_ExtentReports"/>
  <testcase name="tc003" time="0.004" classname="framework_testng.Testng_with_ExtentReports"/>
</testsuite> <!-- framework_testng.Testng_with_ExtentReports -->
