<?xml version="1.0" encoding="UTF-8"?>
<!-- Generated by org.testng.reporters.JUnitReportReporter -->
<testsuite hostname="DESKTOP-DRRO17G" name="framework_testng.Method_Ignore" tests="1" failures="0" timestamp="29 Jun 2019 08:22:35 GMT" time="0.018" errors="0">
  <testcase name="tc002" time="0.018" classname="framework_testng.Method_Ignore"/>
</testsuite> <!-- framework_testng.Method_Ignore -->
