<?xml version="1.0" encoding="UTF-8"?>
<!-- Generated by org.testng.reporters.JUnitReportReporter -->
<testsuite hostname="DESKTOP-DRRO17G" name="framework_testng.DP.DataProvider_InputData" tests="4" failures="0" timestamp="29 Jun 2019 11:29:33 GMT" time="0.029" errors="0">
  <testcase name="tc001" time="0.002" classname="framework_testng.DP.DataProvider_InputData"/>
  <testcase name="tc001" time="0.002" classname="framework_testng.DP.DataProvider_InputData"/>
  <testcase name="tc001" time="0.024" classname="framework_testng.DP.DataProvider_InputData"/>
  <testcase name="tc001" time="0.001" classname="framework_testng.DP.DataProvider_InputData"/>
</testsuite> <!-- framework_testng.DP.DataProvider_InputData -->
