<?xml version="1.0" encoding="UTF-8"?>
<!-- Generated by org.testng.reporters.JUnitReportReporter -->
<testsuite hostname="DESKTOP-DRRO17G" name="framework_testng.My_Testng_Test" tests="3" failures="0" timestamp="29 Jun 2019 05:54:43 GMT" time="0.019" errors="0">
  <testcase name="tc001" time="0.015" classname="framework_testng.My_Testng_Test"/>
  <testcase name="tc002" time="0.003" classname="framework_testng.My_Testng_Test"/>
  <testcase name="tc003" time="0.001" classname="framework_testng.My_Testng_Test"/>
</testsuite> <!-- framework_testng.My_Testng_Test -->
