<?xml version="1.0" encoding="UTF-8"?>
<!-- Generated by org.testng.reporters.JUnitReportReporter -->
<testsuite hostname="DESKTOP-DRRO17G" name="framework_testng.BeforeTest_and_AfterTest.TestSuite1" tests="6" failures="0" timestamp="29 Jun 2019 10:43:25 GMT" time="0.017" errors="0">
  <testcase name="tc002" time="0.003" classname="framework_testng.BeforeTest_and_AfterTest.TestSuite1"/>
  <testcase name="tc001" time="0.007" classname="framework_testng.BeforeTest_and_AfterTest.TestSuite1"/>
  <testcase name="tc001" time="0.002" classname="framework_testng.BeforeTest_and_AfterTest.TestSuite1"/>
  <testcase name="tc003" time="0.003" classname="framework_testng.BeforeTest_and_AfterTest.TestSuite1"/>
  <testcase name="tc002" time="0.001" classname="framework_testng.BeforeTest_and_AfterTest.TestSuite1"/>
  <testcase name="tc003" time="0.001" classname="framework_testng.BeforeTest_and_AfterTest.TestSuite1"/>
</testsuite> <!-- framework_testng.BeforeTest_and_AfterTest.TestSuite1 -->
