<?xml version="1.0" encoding="UTF-8"?>
<!-- Generated by org.testng.reporters.JUnitReportReporter -->
<testsuite hostname="DESKTOP-DRRO17G" name="framework_testng.CrossBrowser.CrossBrowser_Test" tests="6" failures="0" timestamp="29 Jun 2019 10:32:11 GMT" time="60.731" errors="0">
  <testcase name="loadApp" time="10.180" classname="framework_testng.CrossBrowser.CrossBrowser_Test"/>
  <testcase name="loadApp" time="9.045" classname="framework_testng.CrossBrowser.CrossBrowser_Test"/>
  <testcase name="launchBrowser" time="11.956" classname="framework_testng.CrossBrowser.CrossBrowser_Test"/>
  <testcase name="launchBrowser" time="7.680" classname="framework_testng.CrossBrowser.CrossBrowser_Test"/>
  <testcase name="flight_search" time="10.053" classname="framework_testng.CrossBrowser.CrossBrowser_Test"/>
  <testcase name="flight_search" time="11.817" classname="framework_testng.CrossBrowser.CrossBrowser_Test"/>
</testsuite> <!-- framework_testng.CrossBrowser.CrossBrowser_Test -->
