<?xml version="1.0" encoding="UTF-8"?>
<!-- Generated by org.testng.reporters.JUnitReportReporter -->
<testsuite hostname="DESKTOP-DRRO17G" name="framework_testng.Groups.TestSuite2" tests="2" failures="0" timestamp="29 Jun 2019 10:04:26 GMT" time="0.004" errors="0">
  <testcase name="tc004" time="0.003" classname="framework_testng.Groups.TestSuite2"/>
  <testcase name="tc006" time="0.001" classname="framework_testng.Groups.TestSuite2"/>
</testsuite> <!-- framework_testng.Groups.TestSuite2 -->
