<?xml version="1.0" encoding="UTF-8"?>
<!-- Generated by org.testng.reporters.JUnitReportReporter -->
<testsuite hostname="DESKTOP-DRRO17G" name="framework_testng.Groups.TestSuite3" tests="1" failures="0" timestamp="29 Jun 2019 10:04:26 GMT" time="0.003" errors="0">
  <testcase name="tc008" time="0.003" classname="framework_testng.Groups.TestSuite3"/>
</testsuite> <!-- framework_testng.Groups.TestSuite3 -->
