<?xml version="1.0" encoding="UTF-8"?>
<!-- Generated by org.testng.reporters.JUnitReportReporter -->
<testsuite hostname="DESKTOP-DRRO17G" name="framework_testng.BeforeTest_and_AfterTest.TestSuite2" tests="6" failures="0" timestamp="29 Jun 2019 10:43:25 GMT" time="0.011" errors="0">
  <testcase name="tc005" time="0.002" classname="framework_testng.BeforeTest_and_AfterTest.TestSuite2"/>
  <testcase name="tc006" time="0.003" classname="framework_testng.BeforeTest_and_AfterTest.TestSuite2"/>
  <testcase name="tc004" time="0.002" classname="framework_testng.BeforeTest_and_AfterTest.TestSuite2"/>
  <testcase name="tc004" time="0.001" classname="framework_testng.BeforeTest_and_AfterTest.TestSuite2"/>
  <testcase name="tc005" time="0.002" classname="framework_testng.BeforeTest_and_AfterTest.TestSuite2"/>
  <testcase name="tc006" time="0.001" classname="framework_testng.BeforeTest_and_AfterTest.TestSuite2"/>
</testsuite> <!-- framework_testng.BeforeTest_and_AfterTest.TestSuite2 -->
