<?xml version="1.0" encoding="UTF-8"?>
<!-- Generated by org.testng.reporters.JUnitReportReporter -->
<testsuite hostname="DESKTOP-DRRO17G" name="framework_testng.Groups.TestSuite1" tests="2" failures="0" timestamp="29 Jun 2019 10:04:26 GMT" time="0.012" errors="0">
  <testcase name="tc001" time="0.010" classname="framework_testng.Groups.TestSuite1"/>
  <testcase name="tc003" time="0.002" classname="framework_testng.Groups.TestSuite1"/>
</testsuite> <!-- framework_testng.Groups.TestSuite1 -->
