<?xml version="1.0" encoding="UTF-8"?>
<!-- Generated by org.testng.reporters.JUnitReportReporter -->
<testsuite hostname="DESKTOP-DRRO17G" name="framework_testng.Invocation_Count" tests="12" failures="0" timestamp="29 Jun 2019 09:48:20 GMT" time="2.207" errors="0">
  <testcase name="test1" time="0.150" classname="framework_testng.Invocation_Count"/>
  <testcase name="test1" time="0.132" classname="framework_testng.Invocation_Count"/>
  <testcase name="test1" time="0.145" classname="framework_testng.Invocation_Count"/>
  <testcase name="test1" time="0.138" classname="framework_testng.Invocation_Count"/>
  <testcase name="test1" time="0.160" classname="framework_testng.Invocation_Count"/>
  <testcase name="test1" time="0.602" classname="framework_testng.Invocation_Count"/>
  <testcase name="test1" time="0.215" classname="framework_testng.Invocation_Count"/>
  <testcase name="test1" time="0.127" classname="framework_testng.Invocation_Count"/>
  <testcase name="test1" time="0.137" classname="framework_testng.Invocation_Count"/>
  <testcase name="test1" time="0.131" classname="framework_testng.Invocation_Count"/>
  <testcase name="test1" time="0.148" classname="framework_testng.Invocation_Count"/>
  <testcase name="test1" time="0.122" classname="framework_testng.Invocation_Count"/>
</testsuite> <!-- framework_testng.Invocation_Count -->
