<?xml version="1.0" encoding="UTF-8"?>
<!-- Generated by org.testng.reporters.JUnitReportReporter -->
<testsuite hostname="DESKTOP-DRRO17G" name="framework_testng.Method_priority" tests="3" failures="0" timestamp="29 Jun 2019 05:59:11 GMT" time="0.032" errors="0">
  <testcase name="f" time="0.027" classname="framework_testng.Method_priority"/>
  <testcase name="x" time="0.002" classname="framework_testng.Method_priority"/>
  <testcase name="a" time="0.003" classname="framework_testng.Method_priority"/>
</testsuite> <!-- framework_testng.Method_priority -->
