<?xml version="1.0" encoding="UTF-8"?>
<!-- Generated by org.testng.reporters.JUnitReportReporter -->
<testsuite hostname="DESKTOP-DRRO17G" name="framework_testng.BeforeTest_and_AfterTest.Test_for_Chrome" tests="1" failures="0" timestamp="29 Jun 2019 10:43:25 GMT" time="0.001" errors="0">
  <testcase name="login" time="0.001" classname="framework_testng.BeforeTest_and_AfterTest.Test_for_Chrome"/>
</testsuite> <!-- framework_testng.BeforeTest_and_AfterTest.Test_for_Chrome -->
