<?xml version="1.0" encoding="UTF-8"?>
<!-- Generated by org.testng.reporters.JUnitReportReporter -->
<testsuite hostname="DESKTOP-DRRO17G" name="framework_testng.Method_Description" tests="3" failures="0" timestamp="29 Jun 2019 08:16:40 GMT" time="0.017" errors="0">
  <testcase name="tc001" time="0.014" classname="framework_testng.Method_Description"/>
  <testcase name="tc002" time="0.002" classname="framework_testng.Method_Description"/>
  <testcase name="verifying_login_without_Data" time="0.001" classname="framework_testng.Method_Description"/>
</testsuite> <!-- framework_testng.Method_Description -->
