<?xml version="1.0" encoding="UTF-8"?>
<!-- Generated by org.testng.reporters.JUnitReportReporter -->
<testsuite hostname="DESKTOP-DRRO17G" name="framework_testng.DP.Get_Dataprovider_From_Diff_Class" tests="3" failures="0" timestamp="29 Jun 2019 11:34:23 GMT" time="0.024" errors="0">
  <testcase name="tc002" time="0.002" classname="framework_testng.DP.Get_Dataprovider_From_Diff_Class"/>
  <testcase name="tc002" time="0.020" classname="framework_testng.DP.Get_Dataprovider_From_Diff_Class"/>
  <testcase name="tc002" time="0.002" classname="framework_testng.DP.Get_Dataprovider_From_Diff_Class"/>
</testsuite> <!-- framework_testng.DP.Get_Dataprovider_From_Diff_Class -->
