<?xml version="1.0" encoding="UTF-8"?>
<!-- Generated by org.testng.reporters.JUnitReportReporter -->
<testsuite hostname="DESKTOP-DRRO17G" name="framework_testng.Run_Using_Keywords.Run_Keywords" tests="1" failures="0" timestamp="29 Jun 2019 08:12:24 GMT" time="13.338" errors="0">
  <testcase name="verify_Outlook_Signin_Email_validation" time="13.338" classname="framework_testng.Run_Using_Keywords.Run_Keywords"/>
</testsuite> <!-- framework_testng.Run_Using_Keywords.Run_Keywords -->
