<?xml version="1.0" encoding="UTF-8"?>
<!-- Generated by org.testng.reporters.JUnitReportReporter -->
<testsuite hostname="DESKTOP-DRRO17G" name="framework_testng.TestSuite.Class1" tests="3" failures="0" timestamp="29 Jun 2019 09:57:33 GMT" time="0.025" errors="0">
  <testcase name="tc003" time="0.003" classname="framework_testng.TestSuite.Class1"/>
  <testcase name="tc001" time="0.020" classname="framework_testng.TestSuite.Class1"/>
  <testcase name="tc002" time="0.002" classname="framework_testng.TestSuite.Class1"/>
</testsuite> <!-- framework_testng.TestSuite.Class1 -->
